<?xml version='1.0' encoding='UTF-8'?>
<testsuite hostname="HENRY-PC" name="edu.colorado.csci3155.project1.CompilerTest" tests="8" errors="0" failures="0" skipped="0" time="0.022" timestamp="2021-03-08T18:19:33">
                     <properties>
[...]
</properties>
                     <testcase classname="edu.colorado.csci3155.project1.CompilerTest" name="simple expression 1" time="0.016">
                                                 
                                               </testcase><testcase classname="edu.colorado.csci3155.project1.CompilerTest" name="simple expression 2" time="0.001">
                                                 
                                               </testcase><testcase classname="edu.colorado.csci3155.project1.CompilerTest" name="simple expression 3" time="0.002">
                                                 
                                               </testcase><testcase classname="edu.colorado.csci3155.project1.CompilerTest" name="simple expression 4" time="0.003">
                                                 
                                               </testcase><testcase classname="edu.colorado.csci3155.project1.CompilerTest" name="LetBinding + Ident Test 1" time="0.0">
                                                 
                                               </testcase><testcase classname="edu.colorado.csci3155.project1.CompilerTest" name="LetBinding + Ident Test 2" time="0.0">
                                                 
                                               </testcase><testcase classname="edu.colorado.csci3155.project1.CompilerTest" name="LetBinding + Ident Test 3" time="0.0">
                                                 
                                               </testcase><testcase classname="edu.colorado.csci3155.project1.CompilerTest" name="LetBinding + Ident Test 4" time="0.0">
                                                 
                                               </testcase>
                     <system-out><![CDATA[]]></system-out>
                     <system-err><![CDATA[]]></system-err>
                   </testsuite>